0 [4107388672] INFO perfrun.launcher <> - Launcher main begin
1 [4107388672] INFO perfrun.launcher <> - MessageCatalogInit finished
1 [4107388672] INFO perfrun.launcher <> - Launcher instance created
1 [4107388672] INFO perfrun.launcher <> - argc = 6; cmdline = /opt/intel/oneapi/vtune/2024.3/bin32/amplxe-runss -dump-vdso -r /home/tanmay08/Desktop/PC/Study/CA/Lab/Ass4/Matrix mutli/r002hpc --tmp-dir /tmp/amplxe-tmp-devquest 
19 [4107388672] INFO perfrun.launcher <> - create msngr2::ICliToolContext
19 [4107388672] INFO perfrun.launcher <> - create file finder object
24 [4095736512] INFO perfrun.launcher <> - plugin [remoteplug] was disabled because it doesn't support the given collection type.
24 [4095736512] INFO perfrun.launcher <> - plugin [] was disabled because it doesn't support the given collection type.
24 [4095736512] INFO perfrun.vdso <> - dumping [vdso] pseudomodule
25 [4095736512] INFO perfrun.launcher <> - plugin [] was disabled because it doesn't support the given collection type.
25 [4095736512] INFO perfrun.launcher <> - plugin [] was disabled because it doesn't support the given collection type.
25 [4095736512] INFO perfrun.launcher <> - plugin [] was disabled because it doesn't support the given collection type.
25 [4095736512] INFO perfrun.launcher <> - plugin [] was disabled because it doesn't support the given collection type.
25 [4095736512] INFO perfrun.launcher <> - plugin [] was disabled because it doesn't support the given collection type.
25 [4095736512] INFO perfrun.launcher <> - plugin [] was disabled because it doesn't support the given collection type.
25 [4095736512] INFO perfrun.launcher <> - plugin [] was disabled because it doesn't support the given collection type.
25 [4095736512] INFO perfrun.launcher <> - plugin [] was disabled because it doesn't support the given collection type.
25 [4095736512] INFO perfrun.launcher <> - plugin [] was disabled because it doesn't support the given collection type.
25 [4095736512] INFO perfrun.launcher <> - plugin [] was disabled because it doesn't support the given collection type.
25 [4095736512] INFO perfrun.launcher <> - plugin [] was disabled because it doesn't support the given collection type.
25 [4095736512] INFO perfrun.launcher <> - plugin [] was disabled because it doesn't support the given collection type.
25 [4095736512] INFO perfrun.launcher <> - plugin [] was disabled because it doesn't support the given collection type.
25 [4095736512] INFO perfrun.launcher <> - plugin [] was disabled because it doesn't support the given collection type.
25 [4095736512] INFO perfrun.launcher <> - plugin [] was disabled because it doesn't support the given collection type.
25 [4095736512] INFO perfrun.launcher <> - plugin [] was disabled because it doesn't support the given collection type.
25 [4095736512] INFO perfrun.launcher <> - plugin [] was disabled because it doesn't support the given collection type.
25 [4095736512] INFO perfrun.launcher <> - plugin [] was disabled because it doesn't support the given collection type.
25 [4095736512] INFO perfrun.launcher <> - plugin [] was disabled because it doesn't support the given collection type.
25 [4095736512] INFO perfrun.launcher <> - plugin [] was disabled because it doesn't support the given collection type.
25 [4095736512] INFO perfrun.launcher <> - plugin [] was disabled because it doesn't support the given collection type.
25 [4095736512] INFO perfrun.launcher <> - plugin [] was disabled because it doesn't support the given collection type.
25 [4095736512] INFO perfrun.launcher <> - plugin [] was disabled because it doesn't support the given collection type.
25 [4095736512] INFO perfrun.launcher <> - plugin [] was disabled because it doesn't support the given collection type.
25 [4107388672] INFO perfrun.launcher <> - Application exit code: 0
25 [4107388672] INFO perfrun.launcher <> - Exit code: 0
