11 [3888383744] INFO perfrun.launcher <> - Launcher main begin
15 [3888383744] INFO perfrun.launcher <> - MessageCatalogInit finished
15 [3888383744] INFO perfrun.launcher <> - Launcher instance created
15 [3888383744] INFO perfrun.launcher <> - argc = 6; cmdline = /opt/intel/oneapi/vtune/2024.3/bin32/amplxe-runss -dump-vdso -r /home/tanmay08/Desktop/PC/Study/CA/Lab/Ass4/Matrix mutli/r001hpc --tmp-dir /tmp/amplxe-tmp-devquest 
36 [3888383744] INFO perfrun.launcher <> - create msngr2::ICliToolContext
37 [3888383744] INFO perfrun.launcher <> - create file finder object
44 [3865049792] INFO perfrun.launcher <> - plugin [remoteplug] was disabled because it doesn't support the given collection type.
44 [3865049792] INFO perfrun.launcher <> - plugin [] was disabled because it doesn't support the given collection type.
44 [3865049792] INFO perfrun.vdso <> - dumping [vdso] pseudomodule
44 [3865049792] INFO perfrun.launcher <> - plugin [] was disabled because it doesn't support the given collection type.
44 [3865049792] INFO perfrun.launcher <> - plugin [] was disabled because it doesn't support the given collection type.
44 [3865049792] INFO perfrun.launcher <> - plugin [] was disabled because it doesn't support the given collection type.
44 [3865049792] INFO perfrun.launcher <> - plugin [] was disabled because it doesn't support the given collection type.
44 [3865049792] INFO perfrun.launcher <> - plugin [] was disabled because it doesn't support the given collection type.
44 [3865049792] INFO perfrun.launcher <> - plugin [] was disabled because it doesn't support the given collection type.
44 [3865049792] INFO perfrun.launcher <> - plugin [] was disabled because it doesn't support the given collection type.
44 [3865049792] INFO perfrun.launcher <> - plugin [] was disabled because it doesn't support the given collection type.
44 [3865049792] INFO perfrun.launcher <> - plugin [] was disabled because it doesn't support the given collection type.
44 [3865049792] INFO perfrun.launcher <> - plugin [] was disabled because it doesn't support the given collection type.
44 [3865049792] INFO perfrun.launcher <> - plugin [] was disabled because it doesn't support the given collection type.
44 [3865049792] INFO perfrun.launcher <> - plugin [] was disabled because it doesn't support the given collection type.
44 [3865049792] INFO perfrun.launcher <> - plugin [] was disabled because it doesn't support the given collection type.
44 [3865049792] INFO perfrun.launcher <> - plugin [] was disabled because it doesn't support the given collection type.
44 [3865049792] INFO perfrun.launcher <> - plugin [] was disabled because it doesn't support the given collection type.
44 [3865049792] INFO perfrun.launcher <> - plugin [] was disabled because it doesn't support the given collection type.
44 [3865049792] INFO perfrun.launcher <> - plugin [] was disabled because it doesn't support the given collection type.
44 [3865049792] INFO perfrun.launcher <> - plugin [] was disabled because it doesn't support the given collection type.
44 [3865049792] INFO perfrun.launcher <> - plugin [] was disabled because it doesn't support the given collection type.
44 [3865049792] INFO perfrun.launcher <> - plugin [] was disabled because it doesn't support the given collection type.
44 [3865049792] INFO perfrun.launcher <> - plugin [] was disabled because it doesn't support the given collection type.
44 [3865049792] INFO perfrun.launcher <> - plugin [] was disabled because it doesn't support the given collection type.
44 [3865049792] INFO perfrun.launcher <> - plugin [] was disabled because it doesn't support the given collection type.
45 [3865049792] INFO perfrun.launcher <> - plugin [] was disabled because it doesn't support the given collection type.
45 [3888383744] INFO perfrun.launcher <> - Application exit code: 0
45 [3888383744] INFO perfrun.launcher <> - Exit code: 0
